<?xml version="1.0" encoding="UTF-8"?>
<testsuite xmlns:xsi="http://www.w3.org/2001/XMLSchema-instance" xsi:noNamespaceSchemaLocation="https://maven.apache.org/surefire/maven-surefire-plugin/xsd/surefire-test-report.xsd" version="3.0.2" name="OutputTests" time="0.024" tests="1" errors="0" skipped="0" failures="0">
  <properties>
    <property name="java.specification.version" value="23"/>
    <property name="sun.jnu.encoding" value="UTF-8"/>
    <property name="java.class.path" value="/Users/marcus/Desktop/egne_prosjekter/usa-trades-java/demo/target/test-classes:/Users/marcus/Desktop/egne_prosjekter/usa-trades-java/demo/target/classes:/Users/marcus/.m2/repository/org/apache/poi/poi/5.2.3/poi-5.2.3.jar:/Users/marcus/.m2/repository/commons-codec/commons-codec/1.15/commons-codec-1.15.jar:/Users/marcus/.m2/repository/org/apache/commons/commons-collections4/4.4/commons-collections4-4.4.jar:/Users/marcus/.m2/repository/org/apache/commons/commons-math3/3.6.1/commons-math3-3.6.1.jar:/Users/marcus/.m2/repository/commons-io/commons-io/2.11.0/commons-io-2.11.0.jar:/Users/marcus/.m2/repository/com/zaxxer/SparseBitSet/1.2/SparseBitSet-1.2.jar:/Users/marcus/.m2/repository/org/apache/logging/log4j/log4j-api/2.18.0/log4j-api-2.18.0.jar:/Users/marcus/.m2/repository/org/apache/poi/poi-ooxml/5.2.3/poi-ooxml-5.2.3.jar:/Users/marcus/.m2/repository/org/apache/poi/poi-ooxml-lite/5.2.3/poi-ooxml-lite-5.2.3.jar:/Users/marcus/.m2/repository/org/apache/commons/commons-compress/1.21/commons-compress-1.21.jar:/Users/marcus/.m2/repository/com/github/virtuald/curvesapi/1.07/curvesapi-1.07.jar:/Users/marcus/.m2/repository/org/apache/xmlbeans/xmlbeans/5.1.1/xmlbeans-5.1.1.jar:/Users/marcus/.m2/repository/org/apache/pdfbox/pdfbox/3.0.2/pdfbox-3.0.2.jar:/Users/marcus/.m2/repository/org/apache/pdfbox/pdfbox-io/3.0.2/pdfbox-io-3.0.2.jar:/Users/marcus/.m2/repository/org/apache/pdfbox/fontbox/3.0.2/fontbox-3.0.2.jar:/Users/marcus/.m2/repository/commons-logging/commons-logging/1.3.0/commons-logging-1.3.0.jar:/Users/marcus/.m2/repository/org/junit/jupiter/junit-jupiter-api/5.10.0/junit-jupiter-api-5.10.0.jar:/Users/marcus/.m2/repository/org/opentest4j/opentest4j/1.3.0/opentest4j-1.3.0.jar:/Users/marcus/.m2/repository/org/junit/platform/junit-platform-commons/1.10.0/junit-platform-commons-1.10.0.jar:/Users/marcus/.m2/repository/org/apiguardian/apiguardian-api/1.1.2/apiguardian-api-1.1.2.jar:/Users/marcus/.m2/repository/org/junit/jupiter/junit-jupiter-engine/5.10.0/junit-jupiter-engine-5.10.0.jar:/Users/marcus/.m2/repository/org/junit/platform/junit-platform-engine/1.10.0/junit-platform-engine-1.10.0.jar:"/>
    <property name="java.vm.vendor" value="Homebrew"/>
    <property name="sun.arch.data.model" value="64"/>
    <property name="java.vendor.url" value="https://github.com/Homebrew/homebrew-core/issues"/>
    <property name="os.name" value="Mac OS X"/>
    <property name="java.vm.specification.version" value="23"/>
    <property name="sun.java.launcher" value="SUN_STANDARD"/>
    <property name="user.country" value="NO"/>
    <property name="sun.boot.library.path" value="/opt/homebrew/Cellar/openjdk/23/libexec/openjdk.jdk/Contents/Home/lib"/>
    <property name="sun.java.command" value="/Users/marcus/Desktop/egne_prosjekter/usa-trades-java/demo/target/surefire/surefirebooter-20241016082242598_3.jar /Users/marcus/Desktop/egne_prosjekter/usa-trades-java/demo/target/surefire 2024-10-16T08-22-42_538-jvmRun1 surefire-20241016082242598_1tmp surefire_0-20241016082242598_2tmp"/>
    <property name="http.nonProxyHosts" value="local|*.local|169.254/16|*.169.254/16"/>
    <property name="jdk.debug" value="release"/>
    <property name="surefire.test.class.path" value="/Users/marcus/Desktop/egne_prosjekter/usa-trades-java/demo/target/test-classes:/Users/marcus/Desktop/egne_prosjekter/usa-trades-java/demo/target/classes:/Users/marcus/.m2/repository/org/apache/poi/poi/5.2.3/poi-5.2.3.jar:/Users/marcus/.m2/repository/commons-codec/commons-codec/1.15/commons-codec-1.15.jar:/Users/marcus/.m2/repository/org/apache/commons/commons-collections4/4.4/commons-collections4-4.4.jar:/Users/marcus/.m2/repository/org/apache/commons/commons-math3/3.6.1/commons-math3-3.6.1.jar:/Users/marcus/.m2/repository/commons-io/commons-io/2.11.0/commons-io-2.11.0.jar:/Users/marcus/.m2/repository/com/zaxxer/SparseBitSet/1.2/SparseBitSet-1.2.jar:/Users/marcus/.m2/repository/org/apache/logging/log4j/log4j-api/2.18.0/log4j-api-2.18.0.jar:/Users/marcus/.m2/repository/org/apache/poi/poi-ooxml/5.2.3/poi-ooxml-5.2.3.jar:/Users/marcus/.m2/repository/org/apache/poi/poi-ooxml-lite/5.2.3/poi-ooxml-lite-5.2.3.jar:/Users/marcus/.m2/repository/org/apache/commons/commons-compress/1.21/commons-compress-1.21.jar:/Users/marcus/.m2/repository/com/github/virtuald/curvesapi/1.07/curvesapi-1.07.jar:/Users/marcus/.m2/repository/org/apache/xmlbeans/xmlbeans/5.1.1/xmlbeans-5.1.1.jar:/Users/marcus/.m2/repository/org/apache/pdfbox/pdfbox/3.0.2/pdfbox-3.0.2.jar:/Users/marcus/.m2/repository/org/apache/pdfbox/pdfbox-io/3.0.2/pdfbox-io-3.0.2.jar:/Users/marcus/.m2/repository/org/apache/pdfbox/fontbox/3.0.2/fontbox-3.0.2.jar:/Users/marcus/.m2/repository/commons-logging/commons-logging/1.3.0/commons-logging-1.3.0.jar:/Users/marcus/.m2/repository/org/junit/jupiter/junit-jupiter-api/5.10.0/junit-jupiter-api-5.10.0.jar:/Users/marcus/.m2/repository/org/opentest4j/opentest4j/1.3.0/opentest4j-1.3.0.jar:/Users/marcus/.m2/repository/org/junit/platform/junit-platform-commons/1.10.0/junit-platform-commons-1.10.0.jar:/Users/marcus/.m2/repository/org/apiguardian/apiguardian-api/1.1.2/apiguardian-api-1.1.2.jar:/Users/marcus/.m2/repository/org/junit/jupiter/junit-jupiter-engine/5.10.0/junit-jupiter-engine-5.10.0.jar:/Users/marcus/.m2/repository/org/junit/platform/junit-platform-engine/1.10.0/junit-platform-engine-1.10.0.jar:"/>
    <property name="sun.cpu.endian" value="little"/>
    <property name="user.home" value="/Users/marcus"/>
    <property name="user.language" value="nb"/>
    <property name="java.specification.vendor" value="Oracle Corporation"/>
    <property name="java.version.date" value="2024-09-17"/>
    <property name="java.home" value="/opt/homebrew/Cellar/openjdk/23/libexec/openjdk.jdk/Contents/Home"/>
    <property name="file.separator" value="/"/>
    <property name="basedir" value="/Users/marcus/Desktop/egne_prosjekter/usa-trades-java/demo"/>
    <property name="java.vm.compressedOopsMode" value="Zero based"/>
    <property name="line.separator" value="&#10;"/>
    <property name="java.vm.specification.vendor" value="Oracle Corporation"/>
    <property name="java.specification.name" value="Java Platform API Specification"/>
    <property name="apple.awt.application.name" value="ForkedBooter"/>
    <property name="surefire.real.class.path" value="/Users/marcus/Desktop/egne_prosjekter/usa-trades-java/demo/target/surefire/surefirebooter-20241016082242598_3.jar"/>
    <property name="sun.management.compiler" value="HotSpot 64-Bit Tiered Compilers"/>
    <property name="ftp.nonProxyHosts" value="local|*.local|169.254/16|*.169.254/16"/>
    <property name="java.runtime.version" value="23"/>
    <property name="user.name" value="marcus"/>
    <property name="stdout.encoding" value="UTF-8"/>
    <property name="path.separator" value=":"/>
    <property name="os.version" value="15.0.1"/>
    <property name="java.runtime.name" value="OpenJDK Runtime Environment"/>
    <property name="file.encoding" value="UTF-8"/>
    <property name="java.vm.name" value="OpenJDK 64-Bit Server VM"/>
    <property name="java.vendor.version" value="Homebrew"/>
    <property name="localRepository" value="/Users/marcus/.m2/repository"/>
    <property name="java.vendor.url.bug" value="https://github.com/Homebrew/homebrew-core/issues"/>
    <property name="java.io.tmpdir" value="/var/folders/y1/cwg9t9fs7tdbldd91wcv95w80000gp/T/"/>
    <property name="java.version" value="23"/>
    <property name="user.dir" value="/Users/marcus/Desktop/egne_prosjekter/usa-trades-java/demo"/>
    <property name="os.arch" value="aarch64"/>
    <property name="java.vm.specification.name" value="Java Virtual Machine Specification"/>
    <property name="native.encoding" value="UTF-8"/>
    <property name="java.library.path" value="/Users/marcus/Library/Java/Extensions:/Library/Java/Extensions:/Network/Library/Java/Extensions:/System/Library/Java/Extensions:/usr/lib/java:."/>
    <property name="java.vm.info" value="mixed mode, sharing"/>
    <property name="stderr.encoding" value="UTF-8"/>
    <property name="java.vendor" value="Homebrew"/>
    <property name="java.vm.version" value="23"/>
    <property name="sun.io.unicode.encoding" value="UnicodeBig"/>
    <property name="socksNonProxyHosts" value="local|*.local|169.254/16|*.169.254/16"/>
    <property name="java.class.version" value="67.0"/>
  </properties>
  <testcase name="testOutputMethod" classname="OutputTests" time="0.013"/>
</testsuite>